[debug] [2023-02-28T04:11:02.042Z] ----------------------------------------------------------------------
[debug] [2023-02-28T04:11:02.043Z] Command:       /Users/jp/.nvm/versions/node/v18.14.2/bin/node /Users/jp/.nvm/versions/node/v18.14.2/bin/firebase init
[debug] [2023-02-28T04:11:02.044Z] CLI Version:   11.23.1
[debug] [2023-02-28T04:11:02.044Z] Platform:      darwin
[debug] [2023-02-28T04:11:02.044Z] Node Version:  v18.14.2
[debug] [2023-02-28T04:11:02.045Z] Time:          Mon Feb 27 2023 22:11:02 GMT-0600 (Central Standard Time)
[debug] [2023-02-28T04:11:02.045Z] ----------------------------------------------------------------------
[debug] 
[debug] [2023-02-28T04:11:02.048Z] > command requires scopes: ["email","openid","https://www.googleapis.com/auth/cloudplatformprojects.readonly","https://www.googleapis.com/auth/firebase","https://www.googleapis.com/auth/cloud-platform"]
[debug] [2023-02-28T04:11:02.048Z] > authorizing via signed-in user (joelperezdev12@gmail.com)
[info] 
     ######## #### ########  ######## ########     ###     ######  ########
     ##        ##  ##     ## ##       ##     ##  ##   ##  ##       ##
     ######    ##  ########  ######   ########  #########  ######  ######
     ##        ##  ##    ##  ##       ##     ## ##     ##       ## ##
     ##       #### ##     ## ######## ########  ##     ##  ######  ########

You're about to initialize a Firebase project in this directory:

  /Users/jp/Desktop/ACA/Firebase/testing

[info] 
=== Project Setup
[info] 
[info] First, let's associate this project directory with a Firebase project.
[info] You can create multiple project aliases by running firebase use --add, 
[info] but for now we'll just set up a default project.
[info] 
[debug] [2023-02-28T04:12:45.157Z] >>> [apiv2][query] GET https://firebase.googleapis.com/v1beta1/projects pageSize=100
[debug] [2023-02-28T04:12:45.530Z] <<< [apiv2][status] GET https://firebase.googleapis.com/v1beta1/projects 200
[debug] [2023-02-28T04:12:45.530Z] <<< [apiv2][body] GET https://firebase.googleapis.com/v1beta1/projects [omitted]
[info] i  Using project test-1d828 (Test) 
[info] 
=== Hosting Setup
[info] 
[info] Your public directory is the folder (relative to your project directory) that
[info] will contain Hosting assets to be uploaded with firebase deploy. If you
[info] have a build process for your assets, use your build's output directory.
[info] 
[info] ✔  Wrote public/404.html 
[debug] [2023-02-28T04:14:21.135Z] >>> [apiv2][query] GET https://www.gstatic.com/firebasejs/releases.json [none]
[debug] [2023-02-28T04:14:21.389Z] <<< [apiv2][status] GET https://www.gstatic.com/firebasejs/releases.json 200
[debug] [2023-02-28T04:14:21.389Z] <<< [apiv2][body] GET https://www.gstatic.com/firebasejs/releases.json {"current":{"version":"9.17.1","browserURL":"https://www.gstatic.com/firebasejs/9.17.1/firebase.js","packageURL":"https://www.gstatic.com/firebasejs/9.17.1/firebase.tgz"},"live":{"version":"9.17","browserURL":"https://www.gstatic.com/firebasejs/live/9.17/firebase.js","packageURL":"https://www.gstatic.com/firebasejs/live/9.17/firebase.tgz"},"components":{"analytics":"https://www.gstatic.com/firebasejs/9.17.1/firebase-analytics.js","app":"https://www.gstatic.com/firebasejs/9.17.1/firebase-app.js","app-check":"https://www.gstatic.com/firebasejs/9.17.1/firebase-app-check.js","auth":"https://www.gstatic.com/firebasejs/9.17.1/firebase-auth.js","auth/cordova":"https://www.gstatic.com/firebasejs/9.17.1/firebase-auth/cordova.js","auth/react-native":"https://www.gstatic.com/firebasejs/9.17.1/firebase-auth/react-native.js","functions":"https://www.gstatic.com/firebasejs/9.17.1/firebase-functions.js","firestore":"https://www.gstatic.com/firebasejs/9.17.1/firebase-firestore.js","firestore/lite":"https://www.gstatic.com/firebasejs/9.17.1/firebase-firestore/lite.js","installations":"https://www.gstatic.com/firebasejs/9.17.1/firebase-installations.js","storage":"https://www.gstatic.com/firebasejs/9.17.1/firebase-storage.js","performance":"https://www.gstatic.com/firebasejs/9.17.1/firebase-performance.js","remote-config":"https://www.gstatic.com/firebasejs/9.17.1/firebase-remote-config.js","messaging":"https://www.gstatic.com/firebasejs/9.17.1/firebase-messaging.js","messaging/sw":"https://www.gstatic.com/firebasejs/9.17.1/firebase-messaging/sw.js","database":"https://www.gstatic.com/firebasejs/9.17.1/firebase-database.js","firestore.memory":"https://www.gstatic.com/firebasejs/9.17.1/firebase-firestore.memory.js"}}
[info] i  Skipping write of public/index.html 
[info] 
[info] i  Detected a .git folder at /Users/jp/Desktop/ACA/Firebase/testing 
[info] i  Authorizing with GitHub to upload your service account to a GitHub repository's secrets store. 
[info] 
[info] Visit this URL on this device to log in:
[info] https://github.com/login/oauth/authorize?client_id=89cf50f02ac6aaed3484&state=126047363&redirect_uri=http%3A%2F%2Flocalhost%3A9005&scope=read%3Auser%20repo%20public_repo
[info] 
[info] Waiting for authentication...
[debug] [2023-02-28T04:14:49.344Z] >>> [apiv2][query] POST https://github.com/login/oauth/access_token [none]
[debug] [2023-02-28T04:14:49.345Z] >>> [apiv2][body] POST https://github.com/login/oauth/access_token [stream]
[debug] [2023-02-28T04:14:49.596Z] <<< [apiv2][status] POST https://github.com/login/oauth/access_token 200
[debug] [2023-02-28T04:14:49.596Z] <<< [apiv2][body] POST https://github.com/login/oauth/access_token {"access_token":"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","token_type":"bearer","scope":"read:user,repo"}
[debug] [2023-02-28T04:14:49.600Z] >>> [apiv2][query] GET https://api.github.com/user [none]
[debug] [2023-02-28T04:14:49.900Z] <<< [apiv2][status] GET https://api.github.com/user 200
[debug] [2023-02-28T04:14:49.900Z] <<< [apiv2][body] GET https://api.github.com/user {"login":"jpswt","id":94721942,"node_id":"U_kgDOBaVXlg","avatar_url":"https://avatars.githubusercontent.com/u/94721942?v=4","gravatar_id":"","url":"https://api.github.com/users/jpswt","html_url":"https://github.com/jpswt","followers_url":"https://api.github.com/users/jpswt/followers","following_url":"https://api.github.com/users/jpswt/following{/other_user}","gists_url":"https://api.github.com/users/jpswt/gists{/gist_id}","starred_url":"https://api.github.com/users/jpswt/starred{/owner}{/repo}","subscriptions_url":"https://api.github.com/users/jpswt/subscriptions","organizations_url":"https://api.github.com/users/jpswt/orgs","repos_url":"https://api.github.com/users/jpswt/repos","events_url":"https://api.github.com/users/jpswt/events{/privacy}","received_events_url":"https://api.github.com/users/jpswt/received_events","type":"User","site_admin":false,"name":"Joel Perez","company":null,"blog":"","location":null,"email":null,"hireable":null,"bio":null,"twitter_username":null,"public_repos":85,"public_gists":0,"followers":4,"following":5,"created_at":"2021-11-19T22:19:40Z","updated_at":"2022-11-02T00:12:14Z","private_gists":0,"total_private_repos":1,"owned_private_repos":1,"disk_usage":136123,"collaborators":0,"two_factor_authentication":false,"plan":{"name":"free","space":976562499,"collaborators":0,"private_repos":10000}}
[info] 
[info] ✔  Success! Logged into GitHub as jpswt 
[info] 
